time=2026-02-16T10:51:07.605-07:00 level=INFO msg="Daemon started (interval: %v, auto-commit: %v, auto-push: %v)" !BADKEY=5s !BADKEY=false !BADKEY=false
time=2026-02-16T10:51:07.605-07:00 level=INFO msg="using database" path=/Users/home/Repositories/operating-system/projects/series-a/.beads/beads.db
time=2026-02-16T10:51:07.622-07:00 level=INFO msg="database opened" path=/Users/home/Repositories/operating-system/projects/series-a/.beads/beads.db backend=sqlite freshness_checking=true
time=2026-02-16T10:51:07.622-07:00 level=INFO msg="upgrading .beads/.gitignore"
time=2026-02-16T10:51:07.622-07:00 level=WARN msg="failed to upgrade .gitignore" error="open .beads/.gitignore: no such file or directory"
time=2026-02-16T10:51:07.631-07:00 level=INFO msg="Repository fingerprint validated: %s" !BADKEY=57d0744c
time=2026-02-16T10:51:07.632-07:00 level=INFO msg="starting RPC server" socket=/Users/home/Repositories/operating-system/projects/series-a/.beads/bd.sock
time=2026-02-16T10:51:07.632-07:00 level=INFO msg="RPC server ready (socket listening)"
time=2026-02-16T10:51:07.637-07:00 level=INFO msg="registered in global registry"
time=2026-02-16T10:51:07.637-07:00 level=INFO msg="Starting %s..." !BADKEY="sync cycle"
time=2026-02-16T10:51:07.638-07:00 level=INFO msg="Exported to JSONL"
time=2026-02-16T10:51:08.360-07:00 level=INFO msg="Pulled from remote"
time=2026-02-16T10:51:08.379-07:00 level=INFO msg="Imported from JSONL"
time=2026-02-16T10:51:08.398-07:00 level=INFO msg="Sync cycle complete"
time=2026-02-16T10:51:08.398-07:00 level=INFO msg="monitoring parent process" pid=0
time=2026-02-16T10:51:08.398-07:00 level=INFO msg="using event-driven mode"
time=2026-02-16T10:51:08.398-07:00 level=INFO msg="Auto-pull disabled: use 'git pull' manually to sync remote changes"
time=2026-02-17T07:06:02.363-07:00 level=INFO msg="Daemon started (interval: %v, auto-commit: %v, auto-push: %v)" !BADKEY=5s !BADKEY=false !BADKEY=false
time=2026-02-17T07:06:02.364-07:00 level=INFO msg="using database" path=/Users/home/Repositories/operating-system/projects/series-a/.beads/beads.db
time=2026-02-17T07:06:02.388-07:00 level=INFO msg="database opened" path=/Users/home/Repositories/operating-system/projects/series-a/.beads/beads.db backend=sqlite freshness_checking=true
time=2026-02-17T07:06:02.388-07:00 level=INFO msg="upgrading .beads/.gitignore"
time=2026-02-17T07:06:02.388-07:00 level=WARN msg="failed to upgrade .gitignore" error="open .beads/.gitignore: no such file or directory"
time=2026-02-17T07:06:02.397-07:00 level=INFO msg="Repository fingerprint validated: %s" !BADKEY=57d0744c
time=2026-02-17T07:06:02.398-07:00 level=INFO msg="starting RPC server" socket=/Users/home/Repositories/operating-system/projects/series-a/.beads/bd.sock
time=2026-02-17T07:06:02.398-07:00 level=INFO msg="RPC server ready (socket listening)"
time=2026-02-17T07:06:02.404-07:00 level=INFO msg="registered in global registry"
time=2026-02-17T07:06:02.404-07:00 level=INFO msg="Starting %s..." !BADKEY="sync cycle"
time=2026-02-17T07:06:02.404-07:00 level=INFO msg="Pre-export validation failed: %v" !BADKEY="refusing to export: JSONL content has changed since last import (import first to avoid data loss)"
time=2026-02-17T07:06:02.404-07:00 level=INFO msg="monitoring parent process" pid=0
time=2026-02-17T07:06:02.404-07:00 level=INFO msg="using event-driven mode"
time=2026-02-17T07:06:02.405-07:00 level=INFO msg="Auto-pull disabled: use 'git pull' manually to sync remote changes"
time=2026-02-17T07:30:49.732-07:00 level=INFO msg="Git HEAD change detected: %s" !BADKEY=/Users/home/Repositories/operating-system/.git/HEAD
time=2026-02-17T07:30:50.734-07:00 level=INFO msg="Import triggered by file change"
time=2026-02-17T07:30:50.735-07:00 level=INFO msg="Starting %s..." !BADKEY=auto-import
time=2026-02-17T07:30:50.735-07:00 level=INFO msg="JSONL content changed, proceeding with %s..." !BADKEY=auto-import
time=2026-02-17T07:30:51.471-07:00 level=INFO msg="Pull failed: %v (backoff: %v)" !BADKEY="git pull failed: exit status 1\nfatal: couldn't find remote ref clean\n" !BADKEY=30s
time=2026-02-17T07:32:08.002-07:00 level=INFO msg="JSONL removed/renamed, re-establishing watch"
time=2026-02-17T07:32:08.053-07:00 level=INFO msg="JSONL still missing after %v, retrying..." !BADKEY=50ms
time=2026-02-17T07:32:08.155-07:00 level=INFO msg="JSONL still missing after %v, retrying..." !BADKEY=100ms
time=2026-02-17T07:32:08.356-07:00 level=INFO msg="JSONL still missing after %v, retrying..." !BADKEY=200ms
time=2026-02-17T07:32:08.757-07:00 level=INFO msg="JSONL still missing after %v, retrying..." !BADKEY=400ms
time=2026-02-17T07:32:08.757-07:00 level=INFO msg="Failed to re-establish JSONL watch after all retries"
time=2026-02-17T07:34:16.324-07:00 level=INFO msg="JSONL file created: %s" !BADKEY=/Users/home/Repositories/operating-system/projects/series-a/.beads/issues.jsonl
time=2026-02-17T07:34:16.330-07:00 level=INFO msg="Git HEAD change detected: %s" !BADKEY=/Users/home/Repositories/operating-system/.git/HEAD
time=2026-02-17T07:34:17.332-07:00 level=INFO msg="Import triggered by file change"
time=2026-02-17T07:34:17.333-07:00 level=INFO msg="Starting %s..." !BADKEY=auto-import
time=2026-02-17T07:34:17.333-07:00 level=INFO msg="JSONL content changed, proceeding with %s..." !BADKEY=auto-import
time=2026-02-17T07:34:18.006-07:00 level=INFO msg="Pulled from remote"
time=2026-02-17T07:34:18.007-07:00 level=INFO msg="Imported from JSONL"
time=2026-02-17T07:34:18.008-07:00 level=INFO msg="Auto-import complete"
time=2026-02-17T07:35:49.560-07:00 level=INFO msg="JSONL removed/renamed, re-establishing watch"
time=2026-02-17T07:35:49.611-07:00 level=INFO msg="JSONL still missing after %v, retrying..." !BADKEY=50ms
time=2026-02-17T07:35:49.713-07:00 level=INFO msg="JSONL still missing after %v, retrying..." !BADKEY=100ms
time=2026-02-17T07:35:49.914-07:00 level=INFO msg="JSONL still missing after %v, retrying..." !BADKEY=200ms
time=2026-02-17T07:35:50.315-07:00 level=INFO msg="JSONL still missing after %v, retrying..." !BADKEY=400ms
time=2026-02-17T07:35:50.315-07:00 level=INFO msg="Failed to re-establish JSONL watch after all retries"
time=2026-02-17T07:35:50.315-07:00 level=INFO msg="Git HEAD change detected: %s" !BADKEY=/Users/home/Repositories/operating-system/.git/HEAD
time=2026-02-17T07:35:51.317-07:00 level=INFO msg="Import triggered by file change"
time=2026-02-17T07:35:51.318-07:00 level=INFO msg="Starting %s..." !BADKEY=auto-import
time=2026-02-17T07:35:51.318-07:00 level=INFO msg="Skipping %s: JSONL content unchanged" !BADKEY=auto-import
time=2026-02-17T07:36:00.475-07:00 level=INFO msg="JSONL file created: %s" !BADKEY=/Users/home/Repositories/operating-system/projects/series-a/.beads/issues.jsonl
time=2026-02-17T07:36:00.481-07:00 level=INFO msg="Git HEAD change detected: %s" !BADKEY=/Users/home/Repositories/operating-system/.git/HEAD
time=2026-02-17T07:36:01.482-07:00 level=INFO msg="Import triggered by file change"
time=2026-02-17T07:36:01.483-07:00 level=INFO msg="Starting %s..." !BADKEY=auto-import
time=2026-02-17T07:36:01.483-07:00 level=INFO msg="JSONL content changed, proceeding with %s..." !BADKEY=auto-import
time=2026-02-17T07:36:02.142-07:00 level=INFO msg="Pulled from remote"
time=2026-02-17T07:36:02.143-07:00 level=INFO msg="Imported from JSONL"
time=2026-02-17T07:36:02.143-07:00 level=INFO msg="Auto-import complete"
time=2026-02-17T08:55:44.400-07:00 level=INFO msg="JSONL removed/renamed, re-establishing watch"
time=2026-02-17T08:55:44.451-07:00 level=INFO msg="JSONL still missing after %v, retrying..." !BADKEY=50ms
time=2026-02-17T08:55:44.553-07:00 level=INFO msg="JSONL still missing after %v, retrying..." !BADKEY=100ms
time=2026-02-17T08:55:44.754-07:00 level=INFO msg="JSONL still missing after %v, retrying..." !BADKEY=200ms
time=2026-02-17T08:55:45.155-07:00 level=INFO msg="JSONL still missing after %v, retrying..." !BADKEY=400ms
time=2026-02-17T08:55:45.155-07:00 level=INFO msg="Failed to re-establish JSONL watch after all retries"
time=2026-02-17T08:55:45.155-07:00 level=INFO msg="Git HEAD change detected: %s" !BADKEY=/Users/home/Repositories/operating-system/.git/HEAD
time=2026-02-17T08:55:46.157-07:00 level=INFO msg="Import triggered by file change"
time=2026-02-17T08:55:46.158-07:00 level=INFO msg="Starting %s..." !BADKEY=auto-import
time=2026-02-17T08:55:46.158-07:00 level=INFO msg="Skipping %s: JSONL content unchanged" !BADKEY=auto-import
time=2026-02-17T08:56:56.246-07:00 level=INFO msg="JSONL file created: %s" !BADKEY=/Users/home/Repositories/operating-system/projects/series-a/.beads/issues.jsonl
time=2026-02-17T08:56:56.254-07:00 level=INFO msg="Git HEAD change detected: %s" !BADKEY=/Users/home/Repositories/operating-system/.git/HEAD
time=2026-02-17T08:56:57.254-07:00 level=INFO msg="Import triggered by file change"
time=2026-02-17T08:56:57.254-07:00 level=INFO msg="Starting %s..." !BADKEY=auto-import
time=2026-02-17T08:56:57.254-07:00 level=INFO msg="JSONL content changed, proceeding with %s..." !BADKEY=auto-import
time=2026-02-17T08:56:57.748-07:00 level=INFO msg="Pulled from remote"
time=2026-02-17T08:56:57.749-07:00 level=INFO msg="Imported from JSONL"
time=2026-02-17T08:56:57.749-07:00 level=INFO msg="Auto-import complete"
time=2026-02-17T09:03:15.595-07:00 level=INFO msg="JSONL removed/renamed, re-establishing watch"
time=2026-02-17T09:03:15.646-07:00 level=INFO msg="JSONL still missing after %v, retrying..." !BADKEY=50ms
time=2026-02-17T09:03:15.748-07:00 level=INFO msg="JSONL still missing after %v, retrying..." !BADKEY=100ms
time=2026-02-17T09:03:15.948-07:00 level=INFO msg="JSONL still missing after %v, retrying..." !BADKEY=200ms
time=2026-02-17T09:03:16.350-07:00 level=INFO msg="JSONL still missing after %v, retrying..." !BADKEY=400ms
time=2026-02-17T09:03:16.350-07:00 level=INFO msg="Failed to re-establish JSONL watch after all retries"
time=2026-02-17T09:03:16.350-07:00 level=INFO msg="Git HEAD change detected: %s" !BADKEY=/Users/home/Repositories/operating-system/.git/HEAD
time=2026-02-17T09:03:17.352-07:00 level=INFO msg="Import triggered by file change"
time=2026-02-17T09:03:17.353-07:00 level=INFO msg="Starting %s..." !BADKEY=auto-import
time=2026-02-17T09:03:17.353-07:00 level=INFO msg="Skipping %s: JSONL content unchanged" !BADKEY=auto-import
time=2026-02-17T09:04:21.799-07:00 level=INFO msg="JSONL file created: %s" !BADKEY=/Users/home/Repositories/operating-system/projects/series-a/.beads/issues.jsonl
time=2026-02-17T09:04:21.805-07:00 level=INFO msg="Git HEAD change detected: %s" !BADKEY=/Users/home/Repositories/operating-system/.git/HEAD
time=2026-02-17T09:04:22.807-07:00 level=INFO msg="Import triggered by file change"
time=2026-02-17T09:04:22.807-07:00 level=INFO msg="Starting %s..." !BADKEY=auto-import
time=2026-02-17T09:04:22.807-07:00 level=INFO msg="JSONL content changed, proceeding with %s..." !BADKEY=auto-import
time=2026-02-17T09:04:23.234-07:00 level=INFO msg="Pulled from remote"
time=2026-02-17T09:04:23.235-07:00 level=INFO msg="Imported from JSONL"
time=2026-02-17T09:04:23.235-07:00 level=INFO msg="Auto-import complete"
time=2026-02-17T20:04:31.975-07:00 level=INFO msg="JSONL removed/renamed, re-establishing watch"
time=2026-02-17T20:04:32.028-07:00 level=INFO msg="JSONL still missing after %v, retrying..." !BADKEY=50ms
time=2026-02-17T20:04:32.128-07:00 level=INFO msg="JSONL still missing after %v, retrying..." !BADKEY=100ms
time=2026-02-17T20:04:32.329-07:00 level=INFO msg="JSONL still missing after %v, retrying..." !BADKEY=200ms
time=2026-02-17T20:04:32.730-07:00 level=INFO msg="JSONL still missing after %v, retrying..." !BADKEY=400ms
time=2026-02-17T20:04:32.730-07:00 level=INFO msg="Failed to re-establish JSONL watch after all retries"
time=2026-02-17T20:04:32.731-07:00 level=INFO msg="Git HEAD change detected: %s" !BADKEY=/Users/home/Repositories/operating-system/.git/HEAD
time=2026-02-17T20:04:33.734-07:00 level=INFO msg="Import triggered by file change"
time=2026-02-17T20:04:33.740-07:00 level=INFO msg="Starting %s..." !BADKEY=auto-import
time=2026-02-17T20:04:33.741-07:00 level=INFO msg="Skipping %s: JSONL content unchanged" !BADKEY=auto-import
time=2026-02-17T20:05:03.201-07:00 level=INFO msg="JSONL file created: %s" !BADKEY=/Users/home/Repositories/operating-system/projects/series-a/.beads/issues.jsonl
time=2026-02-17T20:05:03.211-07:00 level=INFO msg="Git HEAD change detected: %s" !BADKEY=/Users/home/Repositories/operating-system/.git/HEAD
time=2026-02-17T20:05:04.212-07:00 level=INFO msg="Import triggered by file change"
time=2026-02-17T20:05:04.213-07:00 level=INFO msg="Starting %s..." !BADKEY=auto-import
time=2026-02-17T20:05:04.213-07:00 level=INFO msg="JSONL content changed, proceeding with %s..." !BADKEY=auto-import
time=2026-02-17T20:05:04.893-07:00 level=INFO msg="Pulled from remote"
time=2026-02-17T20:05:04.897-07:00 level=INFO msg="Imported from JSONL"
time=2026-02-17T20:05:04.897-07:00 level=INFO msg="Auto-import complete"
time=2026-02-17T20:16:12.469-07:00 level=INFO msg="Git ref change detected: %s" !BADKEY=/Users/home/Repositories/operating-system/.git/refs/heads/clean.lock
time=2026-02-17T20:16:13.472-07:00 level=INFO msg="Import triggered by file change"
time=2026-02-17T20:16:13.473-07:00 level=INFO msg="Starting %s..." !BADKEY=auto-import
time=2026-02-17T20:16:13.473-07:00 level=INFO msg="JSONL content changed, proceeding with %s..." !BADKEY=auto-import
time=2026-02-17T20:16:13.501-07:00 level=INFO msg="Imported from JSONL"
time=2026-02-17T20:16:13.501-07:00 level=INFO msg="Auto-import complete"
time=2026-02-18T19:15:33.857-07:00 level=INFO msg="Git HEAD change detected: %s" !BADKEY=/Users/home/Repositories/operating-system/.git/HEAD
time=2026-02-18T19:15:34.861-07:00 level=INFO msg="Import triggered by file change"
time=2026-02-18T19:15:34.866-07:00 level=INFO msg="Starting %s..." !BADKEY=auto-import
time=2026-02-18T19:15:34.867-07:00 level=INFO msg="JSONL content changed, proceeding with %s..." !BADKEY=auto-import
time=2026-02-18T19:15:35.405-07:00 level=INFO msg="Pulled from remote"
time=2026-02-18T19:15:35.410-07:00 level=INFO msg="Imported from JSONL"
time=2026-02-18T19:15:35.411-07:00 level=INFO msg="Auto-import complete"
time=2026-02-20T11:09:50.440-07:00 level=INFO msg="Git HEAD change detected: %s" !BADKEY=/Users/home/Repositories/operating-system/.git/HEAD
time=2026-02-20T11:09:51.443-07:00 level=INFO msg="Import triggered by file change"
time=2026-02-20T11:09:51.444-07:00 level=INFO msg="Starting %s..." !BADKEY=auto-import
time=2026-02-20T11:09:51.444-07:00 level=INFO msg="JSONL content changed, proceeding with %s..." !BADKEY=auto-import
time=2026-02-20T11:09:51.780-07:00 level=INFO msg="Pull failed: %v (backoff: %v)" !BADKEY="git pull failed: exit status 1\nfatal: couldn't find remote ref onboarding\n" !BADKEY=30s
time=2026-02-20T11:09:59.970-07:00 level=INFO msg="JSONL removed/renamed, re-establishing watch"
time=2026-02-20T11:10:00.021-07:00 level=INFO msg="JSONL still missing after %v, retrying..." !BADKEY=50ms
time=2026-02-20T11:10:00.122-07:00 level=INFO msg="JSONL still missing after %v, retrying..." !BADKEY=100ms
time=2026-02-20T11:10:00.323-07:00 level=INFO msg="JSONL still missing after %v, retrying..." !BADKEY=200ms
time=2026-02-20T11:10:00.724-07:00 level=INFO msg="JSONL still missing after %v, retrying..." !BADKEY=400ms
time=2026-02-20T11:10:00.724-07:00 level=INFO msg="Failed to re-establish JSONL watch after all retries"
