time=2026-02-19T14:46:00.968-07:00 level=INFO msg="Daemon started (interval: %v, auto-commit: %v, auto-push: %v)" !BADKEY=5s !BADKEY=false !BADKEY=false
time=2026-02-19T14:46:00.968-07:00 level=INFO msg="using database" path=/Users/home/Repositories/operating-system/projects/os-development/.beads/beads.db
time=2026-02-19T14:46:00.989-07:00 level=INFO msg="database opened" path=/Users/home/Repositories/operating-system/projects/os-development/.beads/beads.db backend=sqlite freshness_checking=true
time=2026-02-19T14:46:00.989-07:00 level=INFO msg="upgrading .beads/.gitignore"
time=2026-02-19T14:46:00.989-07:00 level=WARN msg="failed to upgrade .gitignore" error="open .beads/.gitignore: no such file or directory"
time=2026-02-19T14:46:00.998-07:00 level=INFO msg="Repository fingerprint validated: %s" !BADKEY=57d0744c
time=2026-02-19T14:46:00.999-07:00 level=INFO msg="starting RPC server" socket=/Users/home/Repositories/operating-system/projects/os-development/.beads/bd.sock
time=2026-02-19T14:46:00.999-07:00 level=INFO msg="RPC server ready (socket listening)"
time=2026-02-19T14:46:01.004-07:00 level=INFO msg="registered in global registry"
time=2026-02-19T14:46:01.004-07:00 level=INFO msg="Starting %s..." !BADKEY="sync cycle"
time=2026-02-19T14:46:01.005-07:00 level=INFO msg="Exported to JSONL"
time=2026-02-19T14:46:01.300-07:00 level=INFO msg="Pulled from remote"
time=2026-02-19T14:46:01.316-07:00 level=INFO msg="Imported from JSONL"
time=2026-02-19T14:46:01.332-07:00 level=INFO msg="Sync cycle complete"
time=2026-02-19T14:46:01.333-07:00 level=INFO msg="monitoring parent process" pid=0
time=2026-02-19T14:46:01.333-07:00 level=INFO msg="using event-driven mode"
time=2026-02-19T14:46:01.333-07:00 level=INFO msg="Auto-pull disabled: use 'git pull' manually to sync remote changes"
time=2026-02-19T15:23:49.220-07:00 level=INFO msg="Mutation detected: %s %s" create=os-development-ea9
time=2026-02-19T15:23:49.722-07:00 level=INFO msg="Export triggered by mutation events"
time=2026-02-19T15:23:49.722-07:00 level=INFO msg="Starting %s..." !BADKEY=export
time=2026-02-19T15:23:49.722-07:00 level=INFO msg="Pre-export validation failed: %v" !BADKEY="refusing to export: JSONL content has changed since last import (import first to avoid data loss)"
time=2026-02-19T15:24:23.732-07:00 level=INFO msg="Mutation detected: %s %s" create=os-development-ea9.1
time=2026-02-19T15:24:24.233-07:00 level=INFO msg="Export triggered by mutation events"
time=2026-02-19T15:24:24.234-07:00 level=INFO msg="Starting %s..." !BADKEY=export
time=2026-02-19T15:24:24.234-07:00 level=INFO msg="Pre-export validation failed: %v" !BADKEY="refusing to export: JSONL content has changed since last import (import first to avoid data loss)"
time=2026-02-19T15:24:51.530-07:00 level=INFO msg="Mutation detected: %s %s" delete=os-development-ea9.1
time=2026-02-19T15:24:51.610-07:00 level=INFO msg="Mutation detected: %s %s" delete=os-development-ea9
time=2026-02-19T15:24:52.111-07:00 level=INFO msg="Export triggered by mutation events"
time=2026-02-19T15:24:52.111-07:00 level=INFO msg="Starting %s..." !BADKEY=export
time=2026-02-19T15:24:52.112-07:00 level=INFO msg="Pre-export validation failed: %v" !BADKEY="refusing to export: JSONL content has changed since last import (import first to avoid data loss)"
time=2026-02-19T15:53:06.981-07:00 level=INFO msg="Received signal %v, shutting down..." !BADKEY=terminated
time=2026-02-19T15:53:12.938-07:00 level=INFO msg="Daemon started (interval: %v, auto-commit: %v, auto-push: %v)" !BADKEY=5s !BADKEY=false !BADKEY=false
time=2026-02-19T15:53:12.938-07:00 level=INFO msg="using database" path=/Users/home/Repositories/operating-system/projects/os-development/.beads/beads.db
time=2026-02-19T15:53:12.957-07:00 level=INFO msg="database opened" path=/Users/home/Repositories/operating-system/projects/os-development/.beads/beads.db backend=sqlite freshness_checking=true
time=2026-02-19T15:53:12.957-07:00 level=INFO msg="upgrading .beads/.gitignore"
time=2026-02-19T15:53:12.957-07:00 level=WARN msg="failed to upgrade .gitignore" error="open .beads/.gitignore: no such file or directory"
time=2026-02-19T15:53:12.967-07:00 level=INFO msg="Repository fingerprint validated: %s" !BADKEY=57d0744c
time=2026-02-19T15:53:12.968-07:00 level=INFO msg="starting RPC server" socket=/Users/home/Repositories/operating-system/projects/os-development/.beads/bd.sock
time=2026-02-19T15:53:12.968-07:00 level=INFO msg="RPC server ready (socket listening)"
time=2026-02-19T15:53:12.973-07:00 level=INFO msg="registered in global registry"
time=2026-02-19T15:53:12.973-07:00 level=INFO msg="Starting %s..." !BADKEY="sync cycle"
time=2026-02-19T15:53:12.973-07:00 level=INFO msg="Pre-export validation failed: %v" !BADKEY="refusing to export: JSONL content has changed since last import (import first to avoid data loss)"
time=2026-02-19T15:53:12.973-07:00 level=INFO msg="monitoring parent process" pid=0
time=2026-02-19T15:53:12.973-07:00 level=INFO msg="using event-driven mode"
time=2026-02-19T15:53:12.973-07:00 level=INFO msg="Auto-pull disabled: use 'git pull' manually to sync remote changes"
time=2026-02-19T15:54:26.461-07:00 level=INFO msg="Mutation detected: %s %s" create=os-development-0z1
time=2026-02-19T15:54:26.963-07:00 level=INFO msg="Export triggered by mutation events"
time=2026-02-19T15:54:26.963-07:00 level=INFO msg="Starting %s..." !BADKEY=export
time=2026-02-19T15:54:26.964-07:00 level=INFO msg="Pre-export validation failed: %v" !BADKEY="refusing to export: JSONL content has changed since last import (import first to avoid data loss)"
time=2026-02-19T15:54:32.597-07:00 level=INFO msg="Mutation detected: %s %s" delete=os-development-0z1
time=2026-02-19T15:54:33.098-07:00 level=INFO msg="Export triggered by mutation events"
time=2026-02-19T15:54:33.098-07:00 level=INFO msg="Starting %s..." !BADKEY=export
time=2026-02-19T15:54:33.098-07:00 level=INFO msg="Pre-export validation failed: %v" !BADKEY="refusing to export: JSONL content has changed since last import (import first to avoid data loss)"
time=2026-02-19T15:54:49.666-07:00 level=INFO msg="Mutation detected: %s %s" create=os-development-26e
time=2026-02-19T15:54:50.167-07:00 level=INFO msg="Export triggered by mutation events"
time=2026-02-19T15:54:50.167-07:00 level=INFO msg="Starting %s..." !BADKEY=export
time=2026-02-19T15:54:50.167-07:00 level=INFO msg="Pre-export validation failed: %v" !BADKEY="refusing to export: JSONL content has changed since last import (import first to avoid data loss)"
time=2026-02-19T15:55:00.997-07:00 level=INFO msg="Mutation detected: %s %s" create=os-development-26e.1
time=2026-02-19T15:55:01.498-07:00 level=INFO msg="Export triggered by mutation events"
time=2026-02-19T15:55:01.499-07:00 level=INFO msg="Starting %s..." !BADKEY=export
time=2026-02-19T15:55:01.499-07:00 level=INFO msg="Pre-export validation failed: %v" !BADKEY="refusing to export: JSONL content has changed since last import (import first to avoid data loss)"
time=2026-02-19T15:55:07.743-07:00 level=INFO msg="Mutation detected: %s %s" create=os-development-26e.2
time=2026-02-19T15:55:08.244-07:00 level=INFO msg="Export triggered by mutation events"
time=2026-02-19T15:55:08.244-07:00 level=INFO msg="Starting %s..." !BADKEY=export
time=2026-02-19T15:55:08.244-07:00 level=INFO msg="Pre-export validation failed: %v" !BADKEY="refusing to export: JSONL content has changed since last import (import first to avoid data loss)"
time=2026-02-19T15:56:32.026-07:00 level=INFO msg="Mutation detected: %s %s" status=os-development-26e.1
time=2026-02-19T15:56:32.528-07:00 level=INFO msg="Export triggered by mutation events"
time=2026-02-19T15:56:32.528-07:00 level=INFO msg="Starting %s..." !BADKEY=export
time=2026-02-19T15:56:32.528-07:00 level=INFO msg="Pre-export validation failed: %v" !BADKEY="refusing to export: JSONL content has changed since last import (import first to avoid data loss)"
time=2026-02-19T16:21:40.763-07:00 level=INFO msg="Mutation detected: %s %s" status=os-development-26e.1
time=2026-02-19T16:21:41.264-07:00 level=INFO msg="Export triggered by mutation events"
time=2026-02-19T16:21:41.264-07:00 level=INFO msg="Starting %s..." !BADKEY=export
time=2026-02-19T16:21:41.265-07:00 level=INFO msg="Pre-export validation failed: %v" !BADKEY="refusing to export: JSONL content has changed since last import (import first to avoid data loss)"
time=2026-02-19T16:24:34.062-07:00 level=INFO msg="Mutation detected: %s %s" status=os-development-26e.1
time=2026-02-19T16:24:34.563-07:00 level=INFO msg="Export triggered by mutation events"
time=2026-02-19T16:24:34.564-07:00 level=INFO msg="Starting %s..." !BADKEY=export
time=2026-02-19T16:24:34.564-07:00 level=INFO msg="Pre-export validation failed: %v" !BADKEY="refusing to export: JSONL content has changed since last import (import first to avoid data loss)"
time=2026-02-19T16:24:43.571-07:00 level=INFO msg="Mutation detected: %s %s" status=os-development-26e.1
time=2026-02-19T16:24:43.734-07:00 level=INFO msg="Mutation detected: %s %s" status=os-development-26e.1
time=2026-02-19T16:24:44.236-07:00 level=INFO msg="Export triggered by mutation events"
time=2026-02-19T16:24:44.236-07:00 level=INFO msg="Starting %s..." !BADKEY=export
time=2026-02-19T16:24:44.236-07:00 level=INFO msg="Pre-export validation failed: %v" !BADKEY="refusing to export: JSONL content has changed since last import (import first to avoid data loss)"
time=2026-02-19T16:24:46.645-07:00 level=INFO msg="Mutation detected: %s %s" status=os-development-26e.1
time=2026-02-19T16:24:46.802-07:00 level=INFO msg="Mutation detected: %s %s" status=os-development-26e.1
time=2026-02-19T16:24:47.303-07:00 level=INFO msg="Export triggered by mutation events"
time=2026-02-19T16:24:47.303-07:00 level=INFO msg="Starting %s..." !BADKEY=export
time=2026-02-19T16:24:47.304-07:00 level=INFO msg="Pre-export validation failed: %v" !BADKEY="refusing to export: JSONL content has changed since last import (import first to avoid data loss)"
time=2026-02-19T16:25:01.234-07:00 level=INFO msg="Mutation detected: %s %s" status=os-development-26e.1
time=2026-02-19T16:25:01.399-07:00 level=INFO msg="Mutation detected: %s %s" status=os-development-26e.1
time=2026-02-19T16:25:01.900-07:00 level=INFO msg="Export triggered by mutation events"
time=2026-02-19T16:25:01.900-07:00 level=INFO msg="Starting %s..." !BADKEY=export
time=2026-02-19T16:25:01.901-07:00 level=INFO msg="Pre-export validation failed: %v" !BADKEY="refusing to export: JSONL content has changed since last import (import first to avoid data loss)"
time=2026-02-19T16:25:13.136-07:00 level=INFO msg="Mutation detected: %s %s" status=os-development-26e.1
time=2026-02-19T16:25:13.296-07:00 level=INFO msg="Mutation detected: %s %s" status=os-development-26e.1
time=2026-02-19T16:25:13.797-07:00 level=INFO msg="Export triggered by mutation events"
time=2026-02-19T16:25:13.797-07:00 level=INFO msg="Starting %s..." !BADKEY=export
time=2026-02-19T16:25:13.797-07:00 level=INFO msg="Pre-export validation failed: %v" !BADKEY="refusing to export: JSONL content has changed since last import (import first to avoid data loss)"
time=2026-02-19T16:25:26.427-07:00 level=INFO msg="Mutation detected: %s %s" status=os-development-26e.1
time=2026-02-19T16:25:26.590-07:00 level=INFO msg="Mutation detected: %s %s" status=os-development-26e.1
time=2026-02-19T16:25:27.091-07:00 level=INFO msg="Export triggered by mutation events"
time=2026-02-19T16:25:27.092-07:00 level=INFO msg="Starting %s..." !BADKEY=export
time=2026-02-19T16:25:27.092-07:00 level=INFO msg="Pre-export validation failed: %v" !BADKEY="refusing to export: JSONL content has changed since last import (import first to avoid data loss)"
time=2026-02-19T16:25:39.279-07:00 level=INFO msg="Mutation detected: %s %s" status=os-development-26e.1
time=2026-02-19T16:25:39.442-07:00 level=INFO msg="Mutation detected: %s %s" status=os-development-26e.1
time=2026-02-19T16:25:39.944-07:00 level=INFO msg="Export triggered by mutation events"
time=2026-02-19T16:25:39.944-07:00 level=INFO msg="Starting %s..." !BADKEY=export
time=2026-02-19T16:25:39.944-07:00 level=INFO msg="Pre-export validation failed: %v" !BADKEY="refusing to export: JSONL content has changed since last import (import first to avoid data loss)"
time=2026-02-19T16:25:51.894-07:00 level=INFO msg="Mutation detected: %s %s" status=os-development-26e.1
time=2026-02-19T16:25:52.054-07:00 level=INFO msg="Mutation detected: %s %s" status=os-development-26e.1
time=2026-02-19T16:25:52.556-07:00 level=INFO msg="Export triggered by mutation events"
time=2026-02-19T16:25:52.556-07:00 level=INFO msg="Starting %s..." !BADKEY=export
time=2026-02-19T16:25:52.556-07:00 level=INFO msg="Pre-export validation failed: %v" !BADKEY="refusing to export: JSONL content has changed since last import (import first to avoid data loss)"
time=2026-02-19T16:26:03.966-07:00 level=INFO msg="Mutation detected: %s %s" status=os-development-26e.1
time=2026-02-19T16:26:04.128-07:00 level=INFO msg="Mutation detected: %s %s" status=os-development-26e.1
time=2026-02-19T16:26:04.629-07:00 level=INFO msg="Export triggered by mutation events"
time=2026-02-19T16:26:04.629-07:00 level=INFO msg="Starting %s..." !BADKEY=export
time=2026-02-19T16:26:04.629-07:00 level=INFO msg="Pre-export validation failed: %v" !BADKEY="refusing to export: JSONL content has changed since last import (import first to avoid data loss)"
time=2026-02-19T16:26:15.761-07:00 level=INFO msg="Mutation detected: %s %s" status=os-development-26e.1
time=2026-02-19T16:26:15.923-07:00 level=INFO msg="Mutation detected: %s %s" status=os-development-26e.1
time=2026-02-19T16:26:16.424-07:00 level=INFO msg="Export triggered by mutation events"
time=2026-02-19T16:26:16.424-07:00 level=INFO msg="Starting %s..." !BADKEY=export
time=2026-02-19T16:26:16.425-07:00 level=INFO msg="Pre-export validation failed: %v" !BADKEY="refusing to export: JSONL content has changed since last import (import first to avoid data loss)"
time=2026-02-19T16:26:28.017-07:00 level=INFO msg="Mutation detected: %s %s" status=os-development-26e.1
time=2026-02-19T16:26:28.179-07:00 level=INFO msg="Mutation detected: %s %s" status=os-development-26e.1
time=2026-02-19T16:26:28.680-07:00 level=INFO msg="Export triggered by mutation events"
time=2026-02-19T16:26:28.680-07:00 level=INFO msg="Starting %s..." !BADKEY=export
time=2026-02-19T16:26:28.680-07:00 level=INFO msg="Pre-export validation failed: %v" !BADKEY="refusing to export: JSONL content has changed since last import (import first to avoid data loss)"
time=2026-02-19T16:26:40.870-07:00 level=INFO msg="Mutation detected: %s %s" status=os-development-26e.1
time=2026-02-19T16:26:41.034-07:00 level=INFO msg="Mutation detected: %s %s" status=os-development-26e.1
time=2026-02-19T16:26:41.535-07:00 level=INFO msg="Export triggered by mutation events"
time=2026-02-19T16:26:41.535-07:00 level=INFO msg="Starting %s..." !BADKEY=export
time=2026-02-19T16:26:41.535-07:00 level=INFO msg="Pre-export validation failed: %v" !BADKEY="refusing to export: JSONL content has changed since last import (import first to avoid data loss)"
time=2026-02-19T16:26:43.861-07:00 level=INFO msg="Mutation detected: %s %s" status=os-development-26e.1
time=2026-02-19T16:26:44.024-07:00 level=INFO msg="Mutation detected: %s %s" status=os-development-26e.1
time=2026-02-19T16:26:44.525-07:00 level=INFO msg="Export triggered by mutation events"
time=2026-02-19T16:26:44.525-07:00 level=INFO msg="Starting %s..." !BADKEY=export
time=2026-02-19T16:26:44.525-07:00 level=INFO msg="Pre-export validation failed: %v" !BADKEY="refusing to export: JSONL content has changed since last import (import first to avoid data loss)"
time=2026-02-19T16:26:56.134-07:00 level=INFO msg="Mutation detected: %s %s" status=os-development-26e.1
time=2026-02-19T16:26:56.297-07:00 level=INFO msg="Mutation detected: %s %s" status=os-development-26e.1
time=2026-02-19T16:26:56.798-07:00 level=INFO msg="Export triggered by mutation events"
time=2026-02-19T16:26:56.799-07:00 level=INFO msg="Starting %s..." !BADKEY=export
time=2026-02-19T16:26:56.799-07:00 level=INFO msg="Pre-export validation failed: %v" !BADKEY="refusing to export: JSONL content has changed since last import (import first to avoid data loss)"
time=2026-02-19T16:27:08.927-07:00 level=INFO msg="Mutation detected: %s %s" status=os-development-26e.1
time=2026-02-19T16:27:09.098-07:00 level=INFO msg="Mutation detected: %s %s" status=os-development-26e.1
time=2026-02-19T16:27:09.599-07:00 level=INFO msg="Export triggered by mutation events"
time=2026-02-19T16:27:09.599-07:00 level=INFO msg="Starting %s..." !BADKEY=export
time=2026-02-19T16:27:09.600-07:00 level=INFO msg="Pre-export validation failed: %v" !BADKEY="refusing to export: JSONL content has changed since last import (import first to avoid data loss)"
time=2026-02-19T16:27:20.857-07:00 level=INFO msg="Mutation detected: %s %s" status=os-development-26e.1
time=2026-02-19T16:27:21.027-07:00 level=INFO msg="Mutation detected: %s %s" status=os-development-26e.1
time=2026-02-19T16:27:21.528-07:00 level=INFO msg="Export triggered by mutation events"
time=2026-02-19T16:27:21.528-07:00 level=INFO msg="Starting %s..." !BADKEY=export
time=2026-02-19T16:27:21.528-07:00 level=INFO msg="Pre-export validation failed: %v" !BADKEY="refusing to export: JSONL content has changed since last import (import first to avoid data loss)"
time=2026-02-19T16:27:33.603-07:00 level=INFO msg="Mutation detected: %s %s" status=os-development-26e.1
time=2026-02-19T16:27:33.774-07:00 level=INFO msg="Mutation detected: %s %s" status=os-development-26e.1
time=2026-02-19T16:27:34.275-07:00 level=INFO msg="Export triggered by mutation events"
time=2026-02-19T16:27:34.275-07:00 level=INFO msg="Starting %s..." !BADKEY=export
time=2026-02-19T16:27:34.275-07:00 level=INFO msg="Pre-export validation failed: %v" !BADKEY="refusing to export: JSONL content has changed since last import (import first to avoid data loss)"
time=2026-02-19T16:27:47.856-07:00 level=INFO msg="Mutation detected: %s %s" status=os-development-26e.1
time=2026-02-19T16:27:48.021-07:00 level=INFO msg="Mutation detected: %s %s" status=os-development-26e.1
time=2026-02-19T16:27:48.522-07:00 level=INFO msg="Export triggered by mutation events"
time=2026-02-19T16:27:48.522-07:00 level=INFO msg="Starting %s..." !BADKEY=export
time=2026-02-19T16:27:48.523-07:00 level=INFO msg="Pre-export validation failed: %v" !BADKEY="refusing to export: JSONL content has changed since last import (import first to avoid data loss)"
time=2026-02-19T16:28:01.107-07:00 level=INFO msg="Mutation detected: %s %s" status=os-development-26e.1
time=2026-02-19T16:28:01.271-07:00 level=INFO msg="Mutation detected: %s %s" status=os-development-26e.1
time=2026-02-19T16:28:01.772-07:00 level=INFO msg="Export triggered by mutation events"
time=2026-02-19T16:28:01.772-07:00 level=INFO msg="Starting %s..." !BADKEY=export
time=2026-02-19T16:28:01.773-07:00 level=INFO msg="Pre-export validation failed: %v" !BADKEY="refusing to export: JSONL content has changed since last import (import first to avoid data loss)"
time=2026-02-19T16:28:13.356-07:00 level=INFO msg="Mutation detected: %s %s" status=os-development-26e.1
time=2026-02-19T16:28:13.519-07:00 level=INFO msg="Mutation detected: %s %s" status=os-development-26e.1
time=2026-02-19T16:28:14.020-07:00 level=INFO msg="Export triggered by mutation events"
time=2026-02-19T16:28:14.020-07:00 level=INFO msg="Starting %s..." !BADKEY=export
time=2026-02-19T16:28:14.020-07:00 level=INFO msg="Pre-export validation failed: %v" !BADKEY="refusing to export: JSONL content has changed since last import (import first to avoid data loss)"
time=2026-02-19T16:28:26.072-07:00 level=INFO msg="Mutation detected: %s %s" status=os-development-26e.1
time=2026-02-19T16:28:26.236-07:00 level=INFO msg="Mutation detected: %s %s" status=os-development-26e.1
time=2026-02-19T16:28:26.736-07:00 level=INFO msg="Export triggered by mutation events"
time=2026-02-19T16:28:26.737-07:00 level=INFO msg="Starting %s..." !BADKEY=export
time=2026-02-19T16:28:26.737-07:00 level=INFO msg="Pre-export validation failed: %v" !BADKEY="refusing to export: JSONL content has changed since last import (import first to avoid data loss)"
time=2026-02-19T16:28:39.079-07:00 level=INFO msg="Mutation detected: %s %s" status=os-development-26e.1
time=2026-02-19T16:28:39.245-07:00 level=INFO msg="Mutation detected: %s %s" status=os-development-26e.1
time=2026-02-19T16:28:39.745-07:00 level=INFO msg="Export triggered by mutation events"
time=2026-02-19T16:28:39.745-07:00 level=INFO msg="Starting %s..." !BADKEY=export
time=2026-02-19T16:28:39.745-07:00 level=INFO msg="Pre-export validation failed: %v" !BADKEY="refusing to export: JSONL content has changed since last import (import first to avoid data loss)"
time=2026-02-19T16:28:51.239-07:00 level=INFO msg="Mutation detected: %s %s" status=os-development-26e.1
time=2026-02-19T16:28:51.402-07:00 level=INFO msg="Mutation detected: %s %s" status=os-development-26e.1
time=2026-02-19T16:28:51.903-07:00 level=INFO msg="Export triggered by mutation events"
time=2026-02-19T16:28:51.903-07:00 level=INFO msg="Starting %s..." !BADKEY=export
time=2026-02-19T16:28:51.903-07:00 level=INFO msg="Pre-export validation failed: %v" !BADKEY="refusing to export: JSONL content has changed since last import (import first to avoid data loss)"
time=2026-02-19T16:29:04.544-07:00 level=INFO msg="Mutation detected: %s %s" status=os-development-26e.1
time=2026-02-19T16:29:04.707-07:00 level=INFO msg="Mutation detected: %s %s" status=os-development-26e.1
time=2026-02-19T16:29:05.208-07:00 level=INFO msg="Export triggered by mutation events"
time=2026-02-19T16:29:05.208-07:00 level=INFO msg="Starting %s..." !BADKEY=export
time=2026-02-19T16:29:05.208-07:00 level=INFO msg="Pre-export validation failed: %v" !BADKEY="refusing to export: JSONL content has changed since last import (import first to avoid data loss)"
time=2026-02-19T16:29:16.356-07:00 level=INFO msg="Mutation detected: %s %s" status=os-development-26e.1
time=2026-02-19T16:29:16.519-07:00 level=INFO msg="Mutation detected: %s %s" status=os-development-26e.1
time=2026-02-19T16:29:17.020-07:00 level=INFO msg="Export triggered by mutation events"
time=2026-02-19T16:29:17.020-07:00 level=INFO msg="Starting %s..." !BADKEY=export
time=2026-02-19T16:29:17.020-07:00 level=INFO msg="Pre-export validation failed: %v" !BADKEY="refusing to export: JSONL content has changed since last import (import first to avoid data loss)"
time=2026-02-19T16:29:28.955-07:00 level=INFO msg="Mutation detected: %s %s" status=os-development-26e.1
time=2026-02-19T16:29:29.123-07:00 level=INFO msg="Mutation detected: %s %s" status=os-development-26e.1
time=2026-02-19T16:29:29.624-07:00 level=INFO msg="Export triggered by mutation events"
time=2026-02-19T16:29:29.625-07:00 level=INFO msg="Starting %s..." !BADKEY=export
time=2026-02-19T16:29:29.625-07:00 level=INFO msg="Pre-export validation failed: %v" !BADKEY="refusing to export: JSONL content has changed since last import (import first to avoid data loss)"
time=2026-02-19T16:29:41.422-07:00 level=INFO msg="Mutation detected: %s %s" status=os-development-26e.1
time=2026-02-19T16:29:41.588-07:00 level=INFO msg="Mutation detected: %s %s" status=os-development-26e.1
time=2026-02-19T16:29:42.089-07:00 level=INFO msg="Export triggered by mutation events"
time=2026-02-19T16:29:42.089-07:00 level=INFO msg="Starting %s..." !BADKEY=export
time=2026-02-19T16:29:42.090-07:00 level=INFO msg="Pre-export validation failed: %v" !BADKEY="refusing to export: JSONL content has changed since last import (import first to avoid data loss)"
time=2026-02-19T16:29:54.610-07:00 level=INFO msg="Mutation detected: %s %s" status=os-development-26e.1
time=2026-02-19T16:29:54.779-07:00 level=INFO msg="Mutation detected: %s %s" status=os-development-26e.1
time=2026-02-19T16:29:55.280-07:00 level=INFO msg="Export triggered by mutation events"
time=2026-02-19T16:29:55.280-07:00 level=INFO msg="Starting %s..." !BADKEY=export
time=2026-02-19T16:29:55.280-07:00 level=INFO msg="Pre-export validation failed: %v" !BADKEY="refusing to export: JSONL content has changed since last import (import first to avoid data loss)"
time=2026-02-19T16:30:07.538-07:00 level=INFO msg="Mutation detected: %s %s" status=os-development-26e.1
time=2026-02-19T16:30:07.707-07:00 level=INFO msg="Mutation detected: %s %s" status=os-development-26e.1
time=2026-02-19T16:30:08.208-07:00 level=INFO msg="Export triggered by mutation events"
time=2026-02-19T16:30:08.208-07:00 level=INFO msg="Starting %s..." !BADKEY=export
time=2026-02-19T16:30:08.208-07:00 level=INFO msg="Pre-export validation failed: %v" !BADKEY="refusing to export: JSONL content has changed since last import (import first to avoid data loss)"
time=2026-02-19T16:30:24.036-07:00 level=INFO msg="Mutation detected: %s %s" status=os-development-26e.1
time=2026-02-19T16:30:24.205-07:00 level=INFO msg="Mutation detected: %s %s" status=os-development-26e.1
time=2026-02-19T16:30:24.706-07:00 level=INFO msg="Export triggered by mutation events"
time=2026-02-19T16:30:24.706-07:00 level=INFO msg="Starting %s..." !BADKEY=export
time=2026-02-19T16:30:24.707-07:00 level=INFO msg="Pre-export validation failed: %v" !BADKEY="refusing to export: JSONL content has changed since last import (import first to avoid data loss)"
time=2026-02-19T16:30:37.920-07:00 level=INFO msg="Mutation detected: %s %s" status=os-development-26e.1
time=2026-02-19T16:30:38.093-07:00 level=INFO msg="Mutation detected: %s %s" status=os-development-26e.1
time=2026-02-19T16:30:38.594-07:00 level=INFO msg="Export triggered by mutation events"
time=2026-02-19T16:30:38.594-07:00 level=INFO msg="Starting %s..." !BADKEY=export
time=2026-02-19T16:30:38.594-07:00 level=INFO msg="Pre-export validation failed: %v" !BADKEY="refusing to export: JSONL content has changed since last import (import first to avoid data loss)"
time=2026-02-19T16:30:50.594-07:00 level=INFO msg="Mutation detected: %s %s" status=os-development-26e.1
time=2026-02-19T16:30:50.759-07:00 level=INFO msg="Mutation detected: %s %s" status=os-development-26e.1
time=2026-02-19T16:30:51.259-07:00 level=INFO msg="Export triggered by mutation events"
time=2026-02-19T16:30:51.260-07:00 level=INFO msg="Starting %s..." !BADKEY=export
time=2026-02-19T16:30:51.260-07:00 level=INFO msg="Pre-export validation failed: %v" !BADKEY="refusing to export: JSONL content has changed since last import (import first to avoid data loss)"
time=2026-02-19T16:31:04.677-07:00 level=INFO msg="Mutation detected: %s %s" status=os-development-26e.1
time=2026-02-19T16:31:04.845-07:00 level=INFO msg="Mutation detected: %s %s" status=os-development-26e.1
time=2026-02-19T16:31:05.346-07:00 level=INFO msg="Export triggered by mutation events"
time=2026-02-19T16:31:05.346-07:00 level=INFO msg="Starting %s..." !BADKEY=export
time=2026-02-19T16:31:05.346-07:00 level=INFO msg="Pre-export validation failed: %v" !BADKEY="refusing to export: JSONL content has changed since last import (import first to avoid data loss)"
time=2026-02-19T16:31:16.014-07:00 level=INFO msg="Mutation detected: %s %s" status=os-development-26e.1
time=2026-02-19T16:31:16.185-07:00 level=INFO msg="Mutation detected: %s %s" status=os-development-26e.1
time=2026-02-19T16:31:16.686-07:00 level=INFO msg="Export triggered by mutation events"
time=2026-02-19T16:31:16.686-07:00 level=INFO msg="Starting %s..." !BADKEY=export
time=2026-02-19T16:31:16.686-07:00 level=INFO msg="Pre-export validation failed: %v" !BADKEY="refusing to export: JSONL content has changed since last import (import first to avoid data loss)"
time=2026-02-19T16:31:38.590-07:00 level=INFO msg="Mutation detected: %s %s" status=os-development-26e.1
time=2026-02-19T16:31:39.091-07:00 level=INFO msg="Export triggered by mutation events"
time=2026-02-19T16:31:39.091-07:00 level=INFO msg="Starting %s..." !BADKEY=export
time=2026-02-19T16:31:39.091-07:00 level=INFO msg="Pre-export validation failed: %v" !BADKEY="refusing to export: JSONL content has changed since last import (import first to avoid data loss)"
time=2026-02-19T16:33:32.794-07:00 level=INFO msg="Git ref change detected: %s" !BADKEY=/Users/home/Repositories/operating-system/.git/refs/heads/main.lock
time=2026-02-19T16:33:33.796-07:00 level=INFO msg="Import triggered by file change"
time=2026-02-19T16:33:33.796-07:00 level=INFO msg="Starting %s..." !BADKEY=auto-import
time=2026-02-19T16:33:33.797-07:00 level=INFO msg="JSONL content changed, proceeding with %s..." !BADKEY=auto-import
time=2026-02-19T16:33:34.114-07:00 level=INFO msg="Pulled from remote"
time=2026-02-19T16:33:34.115-07:00 level=INFO msg="Imported from JSONL"
time=2026-02-19T16:33:34.115-07:00 level=INFO msg="Auto-import complete"
time=2026-02-19T16:34:09.254-07:00 level=INFO msg="Mutation detected: %s %s" status=os-development-26e.1
time=2026-02-19T16:34:09.754-07:00 level=INFO msg="Export triggered by mutation events"
time=2026-02-19T16:34:09.755-07:00 level=INFO msg="Starting %s..." !BADKEY=export
time=2026-02-19T16:34:09.755-07:00 level=INFO msg="Pre-export validation failed: %v" !BADKEY="refusing to export: JSONL content has changed since last import (import first to avoid data loss)"
time=2026-02-19T16:34:16.747-07:00 level=INFO msg="Mutation detected: %s %s" status=os-development-26e.1
time=2026-02-19T16:34:17.248-07:00 level=INFO msg="Export triggered by mutation events"
time=2026-02-19T16:34:17.249-07:00 level=INFO msg="Starting %s..." !BADKEY=export
time=2026-02-19T16:34:17.249-07:00 level=INFO msg="Pre-export validation failed: %v" !BADKEY="refusing to export: JSONL content has changed since last import (import first to avoid data loss)"
time=2026-02-19T16:34:26.214-07:00 level=INFO msg="Mutation detected: %s %s" status=os-development-26e.1
time=2026-02-19T16:34:26.377-07:00 level=INFO msg="Mutation detected: %s %s" status=os-development-26e.1
time=2026-02-19T16:34:26.878-07:00 level=INFO msg="Export triggered by mutation events"
time=2026-02-19T16:34:26.878-07:00 level=INFO msg="Starting %s..." !BADKEY=export
time=2026-02-19T16:34:26.878-07:00 level=INFO msg="Pre-export validation failed: %v" !BADKEY="refusing to export: JSONL content has changed since last import (import first to avoid data loss)"
time=2026-02-19T16:34:37.526-07:00 level=INFO msg="Mutation detected: %s %s" status=os-development-26e.1
time=2026-02-19T16:34:38.027-07:00 level=INFO msg="Export triggered by mutation events"
time=2026-02-19T16:34:38.028-07:00 level=INFO msg="Starting %s..." !BADKEY=export
time=2026-02-19T16:34:38.028-07:00 level=INFO msg="Pre-export validation failed: %v" !BADKEY="refusing to export: JSONL content has changed since last import (import first to avoid data loss)"
time=2026-02-19T16:47:05.221-07:00 level=INFO msg="Mutation detected: %s %s" update=os-development-26e.1
time=2026-02-19T16:47:05.722-07:00 level=INFO msg="Export triggered by mutation events"
time=2026-02-19T16:47:05.722-07:00 level=INFO msg="Starting %s..." !BADKEY=export
time=2026-02-19T16:47:05.723-07:00 level=INFO msg="Pre-export validation failed: %v" !BADKEY="refusing to export: JSONL content has changed since last import (import first to avoid data loss)"
time=2026-02-19T16:48:30.960-07:00 level=INFO msg="Mutation detected: %s %s" status=os-development-26e.1
time=2026-02-19T16:48:31.461-07:00 level=INFO msg="Export triggered by mutation events"
time=2026-02-19T16:48:31.461-07:00 level=INFO msg="Starting %s..." !BADKEY=export
time=2026-02-19T16:48:31.461-07:00 level=INFO msg="Pre-export validation failed: %v" !BADKEY="refusing to export: JSONL content has changed since last import (import first to avoid data loss)"
time=2026-02-19T16:48:34.735-07:00 level=INFO msg="Mutation detected: %s %s" status=os-development-26e.1
time=2026-02-19T16:48:34.893-07:00 level=INFO msg="Mutation detected: %s %s" status=os-development-26e.1
time=2026-02-19T16:48:35.394-07:00 level=INFO msg="Export triggered by mutation events"
time=2026-02-19T16:48:35.394-07:00 level=INFO msg="Starting %s..." !BADKEY=export
time=2026-02-19T16:48:35.394-07:00 level=INFO msg="Pre-export validation failed: %v" !BADKEY="refusing to export: JSONL content has changed since last import (import first to avoid data loss)"
time=2026-02-19T16:48:43.232-07:00 level=INFO msg="Mutation detected: %s %s" status=os-development-26e.1
time=2026-02-19T16:48:43.733-07:00 level=INFO msg="Export triggered by mutation events"
time=2026-02-19T16:48:43.733-07:00 level=INFO msg="Starting %s..." !BADKEY=export
time=2026-02-19T16:48:43.734-07:00 level=INFO msg="Pre-export validation failed: %v" !BADKEY="refusing to export: JSONL content has changed since last import (import first to avoid data loss)"
time=2026-02-19T16:51:02.249-07:00 level=INFO msg="Mutation detected: %s %s" update=os-development-26e.1
time=2026-02-19T16:51:02.750-07:00 level=INFO msg="Export triggered by mutation events"
time=2026-02-19T16:51:02.750-07:00 level=INFO msg="Starting %s..." !BADKEY=export
time=2026-02-19T16:51:02.750-07:00 level=INFO msg="Pre-export validation failed: %v" !BADKEY="refusing to export: JSONL content has changed since last import (import first to avoid data loss)"
time=2026-02-19T16:51:07.500-07:00 level=INFO msg="Mutation detected: %s %s" status=os-development-26e.1
time=2026-02-19T16:51:08.001-07:00 level=INFO msg="Export triggered by mutation events"
time=2026-02-19T16:51:08.001-07:00 level=INFO msg="Starting %s..." !BADKEY=export
time=2026-02-19T16:51:08.001-07:00 level=INFO msg="Pre-export validation failed: %v" !BADKEY="refusing to export: JSONL content has changed since last import (import first to avoid data loss)"
time=2026-02-19T16:51:16.606-07:00 level=INFO msg="Mutation detected: %s %s" status=os-development-26e.1
time=2026-02-19T16:51:16.772-07:00 level=INFO msg="Mutation detected: %s %s" status=os-development-26e.1
time=2026-02-19T16:51:17.272-07:00 level=INFO msg="Export triggered by mutation events"
time=2026-02-19T16:51:17.273-07:00 level=INFO msg="Starting %s..." !BADKEY=export
time=2026-02-19T16:51:17.273-07:00 level=INFO msg="Pre-export validation failed: %v" !BADKEY="refusing to export: JSONL content has changed since last import (import first to avoid data loss)"
time=2026-02-19T16:51:42.976-07:00 level=INFO msg="Mutation detected: %s %s" status=os-development-26e.1
time=2026-02-19T16:51:43.195-07:00 level=INFO msg="Mutation detected: %s %s" status=os-development-26e.2
time=2026-02-19T16:51:43.696-07:00 level=INFO msg="Export triggered by mutation events"
time=2026-02-19T16:51:43.696-07:00 level=INFO msg="Starting %s..." !BADKEY=export
time=2026-02-19T16:51:43.696-07:00 level=INFO msg="Pre-export validation failed: %v" !BADKEY="refusing to export: JSONL content has changed since last import (import first to avoid data loss)"
time=2026-02-19T16:51:45.496-07:00 level=INFO msg="Mutation detected: %s %s" status=os-development-26e.2
time=2026-02-19T16:51:45.681-07:00 level=INFO msg="Mutation detected: %s %s" status=os-development-26e.2
time=2026-02-19T16:51:46.181-07:00 level=INFO msg="Export triggered by mutation events"
time=2026-02-19T16:51:46.181-07:00 level=INFO msg="Starting %s..." !BADKEY=export
time=2026-02-19T16:51:46.182-07:00 level=INFO msg="Pre-export validation failed: %v" !BADKEY="refusing to export: JSONL content has changed since last import (import first to avoid data loss)"
time=2026-02-19T16:51:53.856-07:00 level=INFO msg="Mutation detected: %s %s" status=os-development-26e.2
time=2026-02-19T16:51:54.358-07:00 level=INFO msg="Export triggered by mutation events"
time=2026-02-19T16:51:54.358-07:00 level=INFO msg="Starting %s..." !BADKEY=export
time=2026-02-19T16:51:54.358-07:00 level=INFO msg="Pre-export validation failed: %v" !BADKEY="refusing to export: JSONL content has changed since last import (import first to avoid data loss)"
time=2026-02-19T16:53:00.687-07:00 level=INFO msg="Mutation detected: %s %s" status=os-development-26e.1
time=2026-02-19T16:53:00.770-07:00 level=INFO msg="Mutation detected: %s %s" update=os-development-26e.2
time=2026-02-19T16:53:01.271-07:00 level=INFO msg="Export triggered by mutation events"
time=2026-02-19T16:53:01.271-07:00 level=INFO msg="Starting %s..." !BADKEY=export
time=2026-02-19T16:53:01.271-07:00 level=INFO msg="Pre-export validation failed: %v" !BADKEY="refusing to export: JSONL content has changed since last import (import first to avoid data loss)"
time=2026-02-19T16:53:05.249-07:00 level=INFO msg="Mutation detected: %s %s" status=os-development-26e.1
time=2026-02-19T16:53:05.750-07:00 level=INFO msg="Export triggered by mutation events"
time=2026-02-19T16:53:05.751-07:00 level=INFO msg="Starting %s..." !BADKEY=export
time=2026-02-19T16:53:05.751-07:00 level=INFO msg="Pre-export validation failed: %v" !BADKEY="refusing to export: JSONL content has changed since last import (import first to avoid data loss)"
time=2026-02-19T16:53:18.589-07:00 level=INFO msg="Mutation detected: %s %s" status=os-development-26e.1
time=2026-02-19T16:53:18.756-07:00 level=INFO msg="Mutation detected: %s %s" status=os-development-26e.1
time=2026-02-19T16:53:19.257-07:00 level=INFO msg="Export triggered by mutation events"
time=2026-02-19T16:53:19.258-07:00 level=INFO msg="Starting %s..." !BADKEY=export
time=2026-02-19T16:53:19.258-07:00 level=INFO msg="Pre-export validation failed: %v" !BADKEY="refusing to export: JSONL content has changed since last import (import first to avoid data loss)"
time=2026-02-19T16:53:35.938-07:00 level=INFO msg="Mutation detected: %s %s" status=os-development-26e.1
time=2026-02-19T16:53:36.104-07:00 level=INFO msg="Mutation detected: %s %s" status=os-development-26e.1
time=2026-02-19T16:53:36.605-07:00 level=INFO msg="Export triggered by mutation events"
time=2026-02-19T16:53:36.605-07:00 level=INFO msg="Starting %s..." !BADKEY=export
time=2026-02-19T16:53:36.605-07:00 level=INFO msg="Pre-export validation failed: %v" !BADKEY="refusing to export: JSONL content has changed since last import (import first to avoid data loss)"
time=2026-02-19T16:53:53.120-07:00 level=INFO msg="Mutation detected: %s %s" status=os-development-26e.1
time=2026-02-19T16:53:53.621-07:00 level=INFO msg="Export triggered by mutation events"
time=2026-02-19T16:53:53.621-07:00 level=INFO msg="Starting %s..." !BADKEY=export
time=2026-02-19T16:53:53.621-07:00 level=INFO msg="Pre-export validation failed: %v" !BADKEY="refusing to export: JSONL content has changed since last import (import first to avoid data loss)"
time=2026-02-19T16:58:11.648-07:00 level=INFO msg="Mutation detected: %s %s" update=os-development-26e.1
time=2026-02-19T16:58:11.734-07:00 level=INFO msg="Mutation detected: %s %s" update=os-development-26e.2
time=2026-02-19T16:58:12.235-07:00 level=INFO msg="Export triggered by mutation events"
time=2026-02-19T16:58:12.235-07:00 level=INFO msg="Starting %s..." !BADKEY=export
time=2026-02-19T16:58:12.235-07:00 level=INFO msg="Pre-export validation failed: %v" !BADKEY="refusing to export: JSONL content has changed since last import (import first to avoid data loss)"
time=2026-02-19T16:58:17.237-07:00 level=INFO msg="Mutation detected: %s %s" status=os-development-26e.1
time=2026-02-19T16:58:17.737-07:00 level=INFO msg="Export triggered by mutation events"
time=2026-02-19T16:58:17.737-07:00 level=INFO msg="Starting %s..." !BADKEY=export
time=2026-02-19T16:58:17.738-07:00 level=INFO msg="Pre-export validation failed: %v" !BADKEY="refusing to export: JSONL content has changed since last import (import first to avoid data loss)"
time=2026-02-19T16:58:37.830-07:00 level=INFO msg="Mutation detected: %s %s" status=os-development-26e.1
time=2026-02-19T16:58:38.037-07:00 level=INFO msg="Mutation detected: %s %s" status=os-development-26e.2
time=2026-02-19T16:58:38.538-07:00 level=INFO msg="Export triggered by mutation events"
time=2026-02-19T16:58:38.538-07:00 level=INFO msg="Starting %s..." !BADKEY=export
time=2026-02-19T16:58:38.539-07:00 level=INFO msg="Pre-export validation failed: %v" !BADKEY="refusing to export: JSONL content has changed since last import (import first to avoid data loss)"
time=2026-02-19T16:58:59.430-07:00 level=INFO msg="Mutation detected: %s %s" status=os-development-26e.2
time=2026-02-19T16:58:59.931-07:00 level=INFO msg="Export triggered by mutation events"
time=2026-02-19T16:58:59.931-07:00 level=INFO msg="Starting %s..." !BADKEY=export
time=2026-02-19T16:58:59.931-07:00 level=INFO msg="Pre-export validation failed: %v" !BADKEY="refusing to export: JSONL content has changed since last import (import first to avoid data loss)"
time=2026-02-20T11:09:50.440-07:00 level=INFO msg="Git HEAD change detected: %s" !BADKEY=/Users/home/Repositories/operating-system/.git/HEAD
time=2026-02-20T11:09:51.444-07:00 level=INFO msg="Import triggered by file change"
time=2026-02-20T11:09:51.444-07:00 level=INFO msg="Starting %s..." !BADKEY=auto-import
time=2026-02-20T11:09:51.444-07:00 level=INFO msg="JSONL content changed, proceeding with %s..." !BADKEY=auto-import
time=2026-02-20T11:09:51.756-07:00 level=INFO msg="Pull failed: %v (backoff: %v)" !BADKEY="git pull failed: exit status 1\nfatal: couldn't find remote ref onboarding\n" !BADKEY=30s
time=2026-02-20T11:09:59.965-07:00 level=INFO msg="JSONL removed/renamed, re-establishing watch"
time=2026-02-20T11:10:00.016-07:00 level=INFO msg="JSONL still missing after %v, retrying..." !BADKEY=50ms
time=2026-02-20T11:10:00.117-07:00 level=INFO msg="JSONL still missing after %v, retrying..." !BADKEY=100ms
time=2026-02-20T11:10:00.318-07:00 level=INFO msg="JSONL still missing after %v, retrying..." !BADKEY=200ms
time=2026-02-20T11:10:00.719-07:00 level=INFO msg="JSONL still missing after %v, retrying..." !BADKEY=400ms
time=2026-02-20T11:10:00.719-07:00 level=INFO msg="Failed to re-establish JSONL watch after all retries"
